app/build/intermediates/manifest_merge_blame_file/debug/manifest-merger-blame-debug-report.txt
1<?xml version="1.0" encoding="utf-8"?>
2<manifest xmlns:android="http://schemas.android.com/apk/res/android"
3    package="com.example.myappfestival"
4    android:versionCode="1"
5    android:versionName="1.0" >
6
7    <uses-sdk
8        android:minSdkVersion="16"
8-->src\main\AndroidManifest.xml
9        android:targetSdkVersion="30" />
9-->src\main\AndroidManifest.xml
10
11    <uses-permission android:name="android.permission.WRITE_EXTERNAL_STORAGE" />
11-->src\main\AndroidManifest.xml:23:5-81
11-->src\main\AndroidManifest.xml:23:22-78
12    <uses-permission android:name="android.permission.READ_EXTERNAL_STORAGE" />
12-->src\main\AndroidManifest.xml:24:5-80
12-->src\main\AndroidManifest.xml:24:22-77
13    <uses-permission android:name="android.permission.INTERNET" />
13-->src\main\AndroidManifest.xml:26:5-67
13-->src\main\AndroidManifest.xml:26:22-64
14
15    <application
15-->src\main\AndroidManifest.xml:5:5-22:19
16        android:allowBackup="true"
16-->src\main\AndroidManifest.xml:6:9-35
17        android:appComponentFactory="androidx.core.app.CoreComponentFactory"
17-->[androidx.core:core:1.1.0] AndroidManifest.xml:24:18-86
18        android:debuggable="true"
19        android:icon="@mipmap/ic_launcher"
19-->src\main\AndroidManifest.xml:7:9-43
20        android:label="@string/app_name"
20-->src\main\AndroidManifest.xml:8:9-41
21        android:roundIcon="@mipmap/ic_launcher_round"
21-->src\main\AndroidManifest.xml:9:9-54
22        android:supportsRtl="true"
22-->src\main\AndroidManifest.xml:10:9-35
23        android:testOnly="true"
24        android:theme="@style/Theme.MyAppFestival" >
24-->src\main\AndroidManifest.xml:11:9-51
25        <activity android:name="com.example.myappfestival.view.GroupDetail" />
25-->src\main\AndroidManifest.xml:12:9-63
25-->src\main\AndroidManifest.xml:12:19-51
26        <activity android:name="com.example.myappfestival.view.HomePage" >
26-->src\main\AndroidManifest.xml:13:9-19:20
26-->src\main\AndroidManifest.xml:13:19-48
27            <intent-filter>
27-->src\main\AndroidManifest.xml:14:13-18:29
28                <action android:name="android.intent.action.MAIN" />
28-->src\main\AndroidManifest.xml:15:17-69
28-->src\main\AndroidManifest.xml:15:25-66
29
30                <category android:name="android.intent.category.LAUNCHER" />
30-->src\main\AndroidManifest.xml:17:17-77
30-->src\main\AndroidManifest.xml:17:27-74
31            </intent-filter>
32        </activity>
33        <activity android:name="com.example.myappfestival.view.Event" />
33-->src\main\AndroidManifest.xml:20:9-48
33-->src\main\AndroidManifest.xml:20:19-45
34        <activity android:name="com.example.myappfestival.view.Login" />
34-->src\main\AndroidManifest.xml:21:9-48
34-->src\main\AndroidManifest.xml:21:19-45
35    </application>
36
37</manifest>